This file contains any messages produced by compilers while
running configure, to aid debugging if configure makes a mistake.

It was created by libhdfs configure 0.1.0, which was
generated by GNU Autoconf 2.61.  Invocation command line was

  $ /home/hou/Documents/graphlab/deps/hadoop/src/hadoop/src/c++/libhdfs/configure JVM_ARCH=tune=generic --prefix=/home/hou/Documents/graphlab/deps/local --with-java=/usr/lib/jvm/default-java --enable-shared=no --enable-static=yes --no-create --no-recursion

## --------- ##
## Platform. ##
## --------- ##

hostname = hou-VirtualBox
uname -m = x86_64
uname -r = 4.4.0-36-generic
uname -s = Linux
uname -v = #55-Ubuntu SMP Thu Aug 11 18:01:55 UTC 2016

/usr/bin/uname -p = unknown
/bin/uname -X     = unknown

/bin/arch              = unknown
/usr/bin/arch -k       = unknown
/usr/convex/getsysinfo = unknown
/usr/bin/hostinfo      = unknown
/bin/machine           = unknown
/usr/bin/oslevel       = unknown
/bin/universe          = unknown

PATH: /home/hou/bin
PATH: /home/hou/.local/bin
PATH: /usr/local/sbin
PATH: /usr/local/bin
PATH: /usr/sbin
PATH: /usr/bin
PATH: /sbin
PATH: /bin
PATH: /usr/games
PATH: /usr/local/games
PATH: /snap/bin


## ----------- ##
## Core tests. ##
## ----------- ##

configure:1973: checking for a BSD-compatible install
configure:2029: result: /usr/bin/install -c
configure:2040: checking whether build environment is sane
configure:2083: result: yes
configure:2148: checking for gawk
configure:2178: result: no
configure:2148: checking for mawk
configure:2164: found /usr/bin/mawk
configure:2175: result: mawk
configure:2186: checking whether make sets $(MAKE)
configure:2207: result: yes
configure:2425: checking build system type
configure:2443: result: x86_64-unknown-linux-gnu
configure:2465: checking host system type
configure:2480: result: x86_64-unknown-linux-gnu
configure:2514: checking for style of include used by make
configure:2542: result: GNU
configure:2615: checking for gcc
configure:2631: found /usr/bin/gcc
configure:2642: result: gcc
configure:2880: checking for C compiler version
configure:2887: gcc --version >&5
gcc (Ubuntu 5.4.0-6ubuntu1~16.04.2) 5.4.0 20160609
Copyright (C) 2015 Free Software Foundation, Inc.
This is free software; see the source for copying conditions.  There is NO
warranty; not even for MERCHANTABILITY or FITNESS FOR A PARTICULAR PURPOSE.

configure:2890: $? = 0
configure:2897: gcc -v >&5
Using built-in specs.
COLLECT_GCC=gcc
COLLECT_LTO_WRAPPER=/usr/lib/gcc/x86_64-linux-gnu/5/lto-wrapper
Target: x86_64-linux-gnu
Configured with: ../src/configure -v --with-pkgversion='Ubuntu 5.4.0-6ubuntu1~16.04.2' --with-bugurl=file:///usr/share/doc/gcc-5/README.Bugs --enable-languages=c,ada,c++,java,go,d,fortran,objc,obj-c++ --prefix=/usr --program-suffix=-5 --enable-shared --enable-linker-build-id --libexecdir=/usr/lib --without-included-gettext --enable-threads=posix --libdir=/usr/lib --enable-nls --with-sysroot=/ --enable-clocale=gnu --enable-libstdcxx-debug --enable-libstdcxx-time=yes --with-default-libstdcxx-abi=new --enable-gnu-unique-object --disable-vtable-verify --enable-libmpx --enable-plugin --with-system-zlib --disable-browser-plugin --enable-java-awt=gtk --enable-gtk-cairo --with-java-home=/usr/lib/jvm/java-1.5.0-gcj-5-amd64/jre --enable-java-home --with-jvm-root-dir=/usr/lib/jvm/java-1.5.0-gcj-5-amd64 --with-jvm-jar-dir=/usr/lib/jvm-exports/java-1.5.0-gcj-5-amd64 --with-arch-directory=amd64 --with-ecj-jar=/usr/share/java/eclipse-ecj.jar --enable-objc-gc --enable-multiarch --disable-werror --with-arch-32=i686 --with-abi=m64 --with-multilib-list=m32,m64,mx32 --enable-multilib --with-tune=generic --enable-checking=release --build=x86_64-linux-gnu --host=x86_64-linux-gnu --target=x86_64-linux-gnu
Thread model: posix
gcc version 5.4.0 20160609 (Ubuntu 5.4.0-6ubuntu1~16.04.2) 
configure:2900: $? = 0
configure:2907: gcc -V >&5
gcc: error: unrecognized command line option '-V'
gcc: fatal error: no input files
compilation terminated.
configure:2910: $? = 1
configure:2933: checking for C compiler default output file name
configure:2960: gcc    conftest.c  >&5
configure:2963: $? = 0
configure:3001: result: a.out
configure:3018: checking whether the C compiler works
configure:3028: ./a.out
configure:3031: $? = 0
configure:3048: result: yes
configure:3055: checking whether we are cross compiling
configure:3057: result: no
configure:3060: checking for suffix of executables
configure:3067: gcc -o conftest    conftest.c  >&5
configure:3070: $? = 0
configure:3094: result: 
configure:3100: checking for suffix of object files
configure:3126: gcc -c   conftest.c >&5
configure:3129: $? = 0
configure:3152: result: o
configure:3156: checking whether we are using the GNU C compiler
configure:3185: gcc -c   conftest.c >&5
configure:3191: $? = 0
configure:3208: result: yes
configure:3213: checking whether gcc accepts -g
configure:3243: gcc -c -g  conftest.c >&5
configure:3249: $? = 0
configure:3348: result: yes
configure:3365: checking for gcc option to accept ISO C89
configure:3439: gcc  -c -g -O2  conftest.c >&5
configure:3445: $? = 0
configure:3468: result: none needed
configure:3488: checking dependency style of gcc
configure:3578: result: gcc3
configure:3595: checking for a sed that does not truncate output
configure:3674: result: /bin/sed
configure:3692: checking for grep that handles long lines and -e
configure:3766: result: /bin/grep
configure:3771: checking for egrep
configure:3849: result: /bin/grep -E
configure:3854: checking for fgrep
configure:3932: result: /bin/grep -F
configure:3967: checking for ld used by gcc
configure:4034: result: /usr/bin/ld
configure:4043: checking if the linker (/usr/bin/ld) is GNU ld
configure:4058: result: yes
configure:4071: checking for BSD- or MS-compatible name lister (nm)
configure:4120: result: /usr/bin/nm -B
configure:4242: checking the name lister (/usr/bin/nm -B) interface
configure:4249: gcc -c -g -O2  conftest.c >&5
configure:4252: /usr/bin/nm -B "conftest.o"
configure:4255: output
0000000000000000 B some_variable
configure:4262: result: BSD nm
configure:4265: checking whether ln -s works
configure:4269: result: yes
configure:4277: checking the maximum length of command line arguments
configure:4397: result: 1572864
configure:4415: checking whether the shell understands some XSI constructs
configure:4423: result: yes
configure:4427: checking whether the shell understands "+="
configure:4433: result: yes
configure:4468: checking for /usr/bin/ld option to reload object files
configure:4475: result: -r
configure:4502: checking how to recognize dependent libraries
configure:4692: result: pass_all
configure:4752: checking for ar
configure:4768: found /usr/bin/ar
configure:4779: result: ar
configure:4861: checking for strip
configure:4877: found /usr/bin/strip
configure:4888: result: strip
configure:4964: checking for ranlib
configure:4980: found /usr/bin/ranlib
configure:4991: result: ranlib
configure:5085: checking command to parse /usr/bin/nm -B output from gcc object
configure:5203: gcc -c -g -O2  conftest.c >&5
configure:5206: $? = 0
configure:5210: /usr/bin/nm -B conftest.o \| sed -n -e 's/^.*[	 ]\([ABCDGIRSTW][ABCDGIRSTW]*\)[	 ][	 ]*\([_A-Za-z][_A-Za-z0-9]*\)$/\1 \2 \2/p' \> conftest.nm
configure:5213: $? = 0
configure:5267: gcc -o conftest -g -O2   conftest.c conftstm.o >&5
configure:5270: $? = 0
configure:5308: result: ok
configure:5404: gcc -c -g -O2  conftest.c >&5
configure:5407: $? = 0
configure:5878: checking how to run the C preprocessor
configure:5918: gcc -E  conftest.c
configure:5924: $? = 0
configure:5955: gcc -E  conftest.c
conftest.c:10:28: fatal error: ac_nonexistent.h: No such file or directory
compilation terminated.
configure:5961: $? = 1
configure: failed program was:
| /* confdefs.h.  */
| #define PACKAGE_NAME "libhdfs"
| #define PACKAGE_TARNAME "libhdfs"
| #define PACKAGE_VERSION "0.1.0"
| #define PACKAGE_STRING "libhdfs 0.1.0"
| #define PACKAGE_BUGREPORT "omalley@apache.org"
| #define PACKAGE "libhdfs"
| #define VERSION "0.1.0"
| /* end confdefs.h.  */
| #include <ac_nonexistent.h>
configure:5994: result: gcc -E
configure:6023: gcc -E  conftest.c
configure:6029: $? = 0
configure:6060: gcc -E  conftest.c
conftest.c:10:28: fatal error: ac_nonexistent.h: No such file or directory
compilation terminated.
configure:6066: $? = 1
configure: failed program was:
| /* confdefs.h.  */
| #define PACKAGE_NAME "libhdfs"
| #define PACKAGE_TARNAME "libhdfs"
| #define PACKAGE_VERSION "0.1.0"
| #define PACKAGE_STRING "libhdfs 0.1.0"
| #define PACKAGE_BUGREPORT "omalley@apache.org"
| #define PACKAGE "libhdfs"
| #define VERSION "0.1.0"
| /* end confdefs.h.  */
| #include <ac_nonexistent.h>
configure:6104: checking for ANSI C header files
configure:6134: gcc -c -g -O2  conftest.c >&5
configure:6140: $? = 0
configure:6239: gcc -o conftest -g -O2   conftest.c  >&5
configure:6242: $? = 0
configure:6248: ./conftest
configure:6251: $? = 0
configure:6268: result: yes
configure:6292: checking for sys/types.h
configure:6313: gcc -c -g -O2  conftest.c >&5
configure:6319: $? = 0
configure:6335: result: yes
configure:6292: checking for sys/stat.h
configure:6313: gcc -c -g -O2  conftest.c >&5
configure:6319: $? = 0
configure:6335: result: yes
configure:6292: checking for stdlib.h
configure:6313: gcc -c -g -O2  conftest.c >&5
configure:6319: $? = 0
configure:6335: result: yes
configure:6292: checking for string.h
configure:6313: gcc -c -g -O2  conftest.c >&5
configure:6319: $? = 0
configure:6335: result: yes
configure:6292: checking for memory.h
configure:6313: gcc -c -g -O2  conftest.c >&5
configure:6319: $? = 0
configure:6335: result: yes
configure:6292: checking for strings.h
configure:6313: gcc -c -g -O2  conftest.c >&5
configure:6319: $? = 0
configure:6335: result: yes
configure:6292: checking for inttypes.h
configure:6313: gcc -c -g -O2  conftest.c >&5
configure:6319: $? = 0
configure:6335: result: yes
configure:6292: checking for stdint.h
configure:6313: gcc -c -g -O2  conftest.c >&5
configure:6319: $? = 0
configure:6335: result: yes
configure:6292: checking for unistd.h
configure:6313: gcc -c -g -O2  conftest.c >&5
configure:6319: $? = 0
configure:6335: result: yes
configure:6351: checking for dlfcn.h
configure:6372: gcc -c -g -O2  conftest.c >&5
configure:6378: $? = 0
configure:6394: result: yes
configure:6578: checking for objdir
configure:6593: result: .libs
configure:6889: checking if gcc supports -fno-rtti -fno-exceptions
configure:6907: gcc -c -g -O2  -fno-rtti -fno-exceptions conftest.c >&5
cc1: warning: command line option '-fno-rtti' is valid for C++/ObjC++ but not for C
configure:6911: $? = 0
configure:6924: result: no
configure:6944: checking for gcc option to produce PIC
configure:7195: result: -fPIC -DPIC
configure:7207: checking if gcc PIC flag -fPIC -DPIC works
configure:7225: gcc -c -g -O2  -fPIC -DPIC -DPIC conftest.c >&5
configure:7229: $? = 0
configure:7242: result: yes
configure:7266: checking if gcc static flag -static works
configure:7294: result: yes
configure:7309: checking if gcc supports -c -o file.o
configure:7330: gcc -c -g -O2  -o out/conftest2.o conftest.c >&5
configure:7334: $? = 0
configure:7356: result: yes
configure:7364: checking if gcc supports -c -o file.o
configure:7411: result: yes
configure:7444: checking whether the gcc linker (/usr/bin/ld -m elf_x86_64) supports shared libraries
configure:8494: result: yes
configure:8733: checking dynamic linker characteristics
configure:9171: gcc -o conftest -g -O2   -Wl,-rpath -Wl,/foo conftest.c  >&5
configure:9177: $? = 0
configure:9407: result: GNU/Linux ld.so
configure:9509: checking how to hardcode library paths into programs
configure:9534: result: immediate
configure:10347: checking whether stripping libraries is possible
configure:10352: result: yes
configure:10387: checking if libtool supports shared libraries
configure:10389: result: yes
configure:10392: checking whether to build shared libraries
configure:10413: result: no
configure:10416: checking whether to build static libraries
configure:10420: result: yes
configure:10461: checking host system type
configure:10476: result: x86_64-unknown-linux-gnu
configure:10499: checking cached host system type
configure:10510: result: ok
configure:10569: checking for gcc
configure:10596: result: gcc
configure:10834: checking for C compiler version
configure:10841: gcc --version >&5
gcc (Ubuntu 5.4.0-6ubuntu1~16.04.2) 5.4.0 20160609
Copyright (C) 2015 Free Software Foundation, Inc.
This is free software; see the source for copying conditions.  There is NO
warranty; not even for MERCHANTABILITY or FITNESS FOR A PARTICULAR PURPOSE.

configure:10844: $? = 0
configure:10851: gcc -v >&5
Using built-in specs.
COLLECT_GCC=gcc
COLLECT_LTO_WRAPPER=/usr/lib/gcc/x86_64-linux-gnu/5/lto-wrapper
Target: x86_64-linux-gnu
Configured with: ../src/configure -v --with-pkgversion='Ubuntu 5.4.0-6ubuntu1~16.04.2' --with-bugurl=file:///usr/share/doc/gcc-5/README.Bugs --enable-languages=c,ada,c++,java,go,d,fortran,objc,obj-c++ --prefix=/usr --program-suffix=-5 --enable-shared --enable-linker-build-id --libexecdir=/usr/lib --without-included-gettext --enable-threads=posix --libdir=/usr/lib --enable-nls --with-sysroot=/ --enable-clocale=gnu --enable-libstdcxx-debug --enable-libstdcxx-time=yes --with-default-libstdcxx-abi=new --enable-gnu-unique-object --disable-vtable-verify --enable-libmpx --enable-plugin --with-system-zlib --disable-browser-plugin --enable-java-awt=gtk --enable-gtk-cairo --with-java-home=/usr/lib/jvm/java-1.5.0-gcj-5-amd64/jre --enable-java-home --with-jvm-root-dir=/usr/lib/jvm/java-1.5.0-gcj-5-amd64 --with-jvm-jar-dir=/usr/lib/jvm-exports/java-1.5.0-gcj-5-amd64 --with-arch-directory=amd64 --with-ecj-jar=/usr/share/java/eclipse-ecj.jar --enable-objc-gc --enable-multiarch --disable-werror --with-arch-32=i686 --with-abi=m64 --with-multilib-list=m32,m64,mx32 --enable-multilib --with-tune=generic --enable-checking=release --build=x86_64-linux-gnu --host=x86_64-linux-gnu --target=x86_64-linux-gnu
Thread model: posix
gcc version 5.4.0 20160609 (Ubuntu 5.4.0-6ubuntu1~16.04.2) 
configure:10854: $? = 0
configure:10861: gcc -V >&5
gcc: error: unrecognized command line option '-V'
gcc: fatal error: no input files
compilation terminated.
configure:10864: $? = 1
configure:10867: checking whether we are using the GNU C compiler
configure:10919: result: yes
configure:10924: checking whether gcc accepts -g
configure:11059: result: yes
configure:11076: checking for gcc option to accept ISO C89
configure:11179: result: none needed
configure:11199: checking dependency style of gcc
configure:11289: result: gcc3
configure:11349: checking for ranlib
configure:11376: result: ranlib
configure:11408: checking C flags dependant on host system type
configure:11517: result: ok
configure:11550: checking JAVA_HOME
configure:11555: result: /usr/lib/jvm/default-java
configure:11580: checking for sablevm
configure:11611: result: NONE
configure:11639: checking for kaffe
configure:11670: result: NONE
configure:11739: checking for javac
configure:11757: found /usr/lib/jvm/default-java/bin/javac
configure:11770: result: /usr/lib/jvm/default-java/bin/javac
configure:11821: result: /usr/lib/jvm/default-java/bin/javac
configure:11830: checking wether the Java compiler (/usr/lib/jvm/default-java/bin/javac) works
configure:11852: result: yes
configure:11911: checking for jar
configure:11929: found /usr/lib/jvm/default-java/bin/jar
configure:11942: result: /usr/lib/jvm/default-java/bin/jar
configure:12003: checking where on earth this jvm library is..
configure:12034: result: ohh u there ... /usr/lib/jvm/default-java/jre/lib/amd64/server 
configure:12042: result: VALUE OF JVM_ARCH IS :tune=generic
configure:12049: result: gcc flags added
configure:12107: checking for gcc
configure:12134: result: gcc
configure:12372: checking for C compiler version
configure:12379: gcc --version >&5
gcc (Ubuntu 5.4.0-6ubuntu1~16.04.2) 5.4.0 20160609
Copyright (C) 2015 Free Software Foundation, Inc.
This is free software; see the source for copying conditions.  There is NO
warranty; not even for MERCHANTABILITY or FITNESS FOR A PARTICULAR PURPOSE.

configure:12382: $? = 0
configure:12389: gcc -v >&5
Using built-in specs.
COLLECT_GCC=gcc
COLLECT_LTO_WRAPPER=/usr/lib/gcc/x86_64-linux-gnu/5/lto-wrapper
Target: x86_64-linux-gnu
Configured with: ../src/configure -v --with-pkgversion='Ubuntu 5.4.0-6ubuntu1~16.04.2' --with-bugurl=file:///usr/share/doc/gcc-5/README.Bugs --enable-languages=c,ada,c++,java,go,d,fortran,objc,obj-c++ --prefix=/usr --program-suffix=-5 --enable-shared --enable-linker-build-id --libexecdir=/usr/lib --without-included-gettext --enable-threads=posix --libdir=/usr/lib --enable-nls --with-sysroot=/ --enable-clocale=gnu --enable-libstdcxx-debug --enable-libstdcxx-time=yes --with-default-libstdcxx-abi=new --enable-gnu-unique-object --disable-vtable-verify --enable-libmpx --enable-plugin --with-system-zlib --disable-browser-plugin --enable-java-awt=gtk --enable-gtk-cairo --with-java-home=/usr/lib/jvm/java-1.5.0-gcj-5-amd64/jre --enable-java-home --with-jvm-root-dir=/usr/lib/jvm/java-1.5.0-gcj-5-amd64 --with-jvm-jar-dir=/usr/lib/jvm-exports/java-1.5.0-gcj-5-amd64 --with-arch-directory=amd64 --with-ecj-jar=/usr/share/java/eclipse-ecj.jar --enable-objc-gc --enable-multiarch --disable-werror --with-arch-32=i686 --with-abi=m64 --with-multilib-list=m32,m64,mx32 --enable-multilib --with-tune=generic --enable-checking=release --build=x86_64-linux-gnu --host=x86_64-linux-gnu --target=x86_64-linux-gnu
Thread model: posix
gcc version 5.4.0 20160609 (Ubuntu 5.4.0-6ubuntu1~16.04.2) 
configure:12392: $? = 0
configure:12399: gcc -V >&5
gcc: error: unrecognized command line option '-V'
gcc: fatal error: no input files
compilation terminated.
configure:12402: $? = 1
configure:12405: checking whether we are using the GNU C compiler
configure:12457: result: yes
configure:12462: checking whether gcc accepts -g
configure:12597: result: yes
configure:12614: checking for gcc option to accept ISO C89
configure:12717: result: none needed
configure:12737: checking dependency style of gcc
configure:12827: result: gcc3
configure:12846: checking for size_t
configure:12876: gcc -c -g -O2 -DOS_LINUX -DDSO_DLFCN -DCPU=\"amd64\" -mtune=generic -I/usr/lib/jvm/default-java/include -I/usr/lib/jvm/default-java/include/linux -Wall -Wstrict-prototypes  conftest.c >&5
<command-line>:0:6: warning: missing terminating " character
conftest.c:57:1: warning: function declaration isn't a prototype [-Wstrict-prototypes]
 main ()
 ^
configure:12882: $? = 0
configure:12897: result: yes
configure:12915: checking for strdup
configure:12971: gcc -o conftest -g -O2 -DOS_LINUX -DDSO_DLFCN -DCPU=\"amd64\" -mtune=generic -I/usr/lib/jvm/default-java/include -I/usr/lib/jvm/default-java/include/linux -Wall -Wstrict-prototypes   -mtune=generic -L/usr/lib/jvm/default-java/jre/lib/amd64/server  -ljvm -Wl,-x conftest.c  -ldl -lpthread >&5
<command-line>:0:6: warning: missing terminating " character
conftest.c:45:1: warning: function declaration isn't a prototype [-Wstrict-prototypes]
 char strdup ();
 ^
conftest.c:45:6: warning: conflicting types for built-in function 'strdup'
 char strdup ();
      ^
conftest.c:54:1: warning: function declaration isn't a prototype [-Wstrict-prototypes]
 main ()
 ^
configure:12977: $? = 0
configure:12995: result: yes
configure:12915: checking for strerror
configure:12971: gcc -o conftest -g -O2 -DOS_LINUX -DDSO_DLFCN -DCPU=\"amd64\" -mtune=generic -I/usr/lib/jvm/default-java/include -I/usr/lib/jvm/default-java/include/linux -Wall -Wstrict-prototypes   -mtune=generic -L/usr/lib/jvm/default-java/jre/lib/amd64/server  -ljvm -Wl,-x conftest.c  -ldl -lpthread >&5
<command-line>:0:6: warning: missing terminating " character
conftest.c:46:1: warning: function declaration isn't a prototype [-Wstrict-prototypes]
 char strerror ();
 ^
conftest.c:55:1: warning: function declaration isn't a prototype [-Wstrict-prototypes]
 main ()
 ^
configure:12977: $? = 0
configure:12995: result: yes
configure:12915: checking for strtoul
configure:12971: gcc -o conftest -g -O2 -DOS_LINUX -DDSO_DLFCN -DCPU=\"amd64\" -mtune=generic -I/usr/lib/jvm/default-java/include -I/usr/lib/jvm/default-java/include/linux -Wall -Wstrict-prototypes   -mtune=generic -L/usr/lib/jvm/default-java/jre/lib/amd64/server  -ljvm -Wl,-x conftest.c  -ldl -lpthread >&5
<command-line>:0:6: warning: missing terminating " character
conftest.c:47:1: warning: function declaration isn't a prototype [-Wstrict-prototypes]
 char strtoul ();
 ^
conftest.c:56:1: warning: function declaration isn't a prototype [-Wstrict-prototypes]
 main ()
 ^
configure:12977: $? = 0
configure:12995: result: yes
configure:13020: checking fcntl.h usability
configure:13037: gcc -c -g -O2 -DOS_LINUX -DDSO_DLFCN -DCPU=\"amd64\" -mtune=generic -I/usr/lib/jvm/default-java/include -I/usr/lib/jvm/default-java/include/linux -Wall -Wstrict-prototypes  conftest.c >&5
<command-line>:0:6: warning: missing terminating " character
configure:13043: $? = 0
configure:13057: result: yes
configure:13061: checking fcntl.h presence
configure:13076: gcc -E  conftest.c
configure:13082: $? = 0
configure:13096: result: yes
configure:13129: checking for fcntl.h
configure:13137: result: yes
configure:13150: checking for an ANSI C-conforming const
configure:13225: gcc -c -g -O2 -DOS_LINUX -DDSO_DLFCN -DCPU=\"amd64\" -mtune=generic -I/usr/lib/jvm/default-java/include -I/usr/lib/jvm/default-java/include/linux -Wall -Wstrict-prototypes  conftest.c >&5
<command-line>:0:6: warning: missing terminating " character
conftest.c:28:1: warning: function declaration isn't a prototype [-Wstrict-prototypes]
 main ()
 ^
conftest.c: In function 'main':
conftest.c:55:7: warning: 't' is used uninitialized in this function [-Wuninitialized]
     *t++ = 0;
       ^
conftest.c:77:13: warning: 'cs[0]' is used uninitialized in this function [-Wuninitialized]
   return !cs[0] && !zero.x;
             ^
configure:13231: $? = 0
configure:13246: result: yes
configure:13256: checking for working volatile
configure:13285: gcc -c -g -O2 -DOS_LINUX -DDSO_DLFCN -DCPU=\"amd64\" -mtune=generic -I/usr/lib/jvm/default-java/include -I/usr/lib/jvm/default-java/include/linux -Wall -Wstrict-prototypes  conftest.c >&5
<command-line>:0:6: warning: missing terminating " character
conftest.c:28:1: warning: function declaration isn't a prototype [-Wstrict-prototypes]
 main ()
 ^
configure:13291: $? = 0
configure:13306: result: yes
configure:13317: checking for stdbool.h that conforms to C99
configure:13410: gcc -c -g -O2 -DOS_LINUX -DDSO_DLFCN -DCPU=\"amd64\" -mtune=generic -I/usr/lib/jvm/default-java/include -I/usr/lib/jvm/default-java/include/linux -Wall -Wstrict-prototypes  conftest.c >&5
<command-line>:0:6: warning: missing terminating " character
conftest.c:53:2: warning: the address of 's' will always evaluate as 'true' [-Waddress]
  bool e = &s;
  ^
conftest.c:89:1: warning: function declaration isn't a prototype [-Wstrict-prototypes]
 main ()
 ^
conftest.c: In function 'main':
conftest.c:95:10: warning: the address of 'a' will always evaluate as 'true' [-Waddress]
  return (!a + !b + !c + !d + !e + !f + !g + !h + !i + !!j + !k + !!l
          ^
conftest.c:95:15: warning: the address of 'b' will always evaluate as 'true' [-Waddress]
  return (!a + !b + !c + !d + !e + !f + !g + !h + !i + !!j + !k + !!l
               ^
conftest.c:95:20: warning: the address of 'c' will always evaluate as 'true' [-Waddress]
  return (!a + !b + !c + !d + !e + !f + !g + !h + !i + !!j + !k + !!l
                    ^
conftest.c:95:25: warning: the address of 'd' will always evaluate as 'true' [-Waddress]
  return (!a + !b + !c + !d + !e + !f + !g + !h + !i + !!j + !k + !!l
                         ^
conftest.c:95:35: warning: the address of 'f' will always evaluate as 'true' [-Waddress]
  return (!a + !b + !c + !d + !e + !f + !g + !h + !i + !!j + !k + !!l
                                   ^
conftest.c:95:40: warning: the address of 'g' will always evaluate as 'true' [-Waddress]
  return (!a + !b + !c + !d + !e + !f + !g + !h + !i + !!j + !k + !!l
                                        ^
conftest.c:95:45: warning: the address of 'h' will always evaluate as 'true' [-Waddress]
  return (!a + !b + !c + !d + !e + !f + !g + !h + !i + !!j + !k + !!l
                                             ^
conftest.c:95:50: warning: the address of 'i' will always evaluate as 'true' [-Waddress]
  return (!a + !b + !c + !d + !e + !f + !g + !h + !i + !!j + !k + !!l
                                                  ^
conftest.c:96:10: warning: the address of 'n' will always evaluate as 'true' [-Waddress]
          ^
conftest.c:96:15: warning: the address of 'o' will always evaluate as 'true' [-Waddress]
               ^
conftest.c:96:20: warning: the address of 'p' will always evaluate as 'true' [-Waddress]
                    ^
configure:13416: $? = 0
configure:13431: result: yes
configure:13433: checking for _Bool
configure:13463: gcc -c -g -O2 -DOS_LINUX -DDSO_DLFCN -DCPU=\"amd64\" -mtune=generic -I/usr/lib/jvm/default-java/include -I/usr/lib/jvm/default-java/include/linux -Wall -Wstrict-prototypes  conftest.c >&5
<command-line>:0:6: warning: missing terminating " character
conftest.c:61:1: warning: function declaration isn't a prototype [-Wstrict-prototypes]
 main ()
 ^
configure:13469: $? = 0
configure:13484: result: yes
configure:13504: checking for int16_t
configure:13535: gcc -c -g -O2 -DOS_LINUX -DDSO_DLFCN -DCPU=\"amd64\" -mtune=generic -I/usr/lib/jvm/default-java/include -I/usr/lib/jvm/default-java/include/linux -Wall -Wstrict-prototypes  conftest.c >&5
<command-line>:0:6: warning: missing terminating " character
conftest.c:62:1: warning: function declaration isn't a prototype [-Wstrict-prototypes]
 main ()
 ^
conftest.c: In function 'main':
conftest.c:64:12: warning: variable 'test_array' set but not used [-Wunused-but-set-variable]
 static int test_array [1 - 2 * !(0 < (int16_t) ((((int16_t) 1 << (16 - 2)) - 1) * 2 + 1))];
            ^
configure:13541: $? = 0
configure:13570: gcc -c -g -O2 -DOS_LINUX -DDSO_DLFCN -DCPU=\"amd64\" -mtune=generic -I/usr/lib/jvm/default-java/include -I/usr/lib/jvm/default-java/include/linux -Wall -Wstrict-prototypes  conftest.c >&5
<command-line>:0:6: warning: missing terminating " character
conftest.c:62:1: warning: function declaration isn't a prototype [-Wstrict-prototypes]
 main ()
 ^
conftest.c: In function 'main':
conftest.c:64:12: error: size of array 'test_array' is negative
 static int test_array [1 - 2 * !((int16_t) ((((int16_t) 1 << (16 - 2)) - 1) * 2 + 1)
            ^
conftest.c:64:12: warning: variable 'test_array' set but not used [-Wunused-but-set-variable]
configure:13576: $? = 1
configure: failed program was:
| /* confdefs.h.  */
| #define PACKAGE_NAME "libhdfs"
| #define PACKAGE_TARNAME "libhdfs"
| #define PACKAGE_VERSION "0.1.0"
| #define PACKAGE_STRING "libhdfs 0.1.0"
| #define PACKAGE_BUGREPORT "omalley@apache.org"
| #define PACKAGE "libhdfs"
| #define VERSION "0.1.0"
| #define STDC_HEADERS 1
| #define HAVE_SYS_TYPES_H 1
| #define HAVE_SYS_STAT_H 1
| #define HAVE_STDLIB_H 1
| #define HAVE_STRING_H 1
| #define HAVE_MEMORY_H 1
| #define HAVE_STRINGS_H 1
| #define HAVE_INTTYPES_H 1
| #define HAVE_STDINT_H 1
| #define HAVE_UNISTD_H 1
| #define HAVE_DLFCN_H 1
| #define LT_OBJDIR ".libs/"
| #define HAVE_STRDUP 1
| #define HAVE_STRERROR 1
| #define HAVE_STRTOUL 1
| #define HAVE_FCNTL_H 1
| #define HAVE__BOOL 1
| #define HAVE_STDBOOL_H 1
| /* end confdefs.h.  */
| #include <stdio.h>
| #ifdef HAVE_SYS_TYPES_H
| # include <sys/types.h>
| #endif
| #ifdef HAVE_SYS_STAT_H
| # include <sys/stat.h>
| #endif
| #ifdef STDC_HEADERS
| # include <stdlib.h>
| # include <stddef.h>
| #else
| # ifdef HAVE_STDLIB_H
| #  include <stdlib.h>
| # endif
| #endif
| #ifdef HAVE_STRING_H
| # if !defined STDC_HEADERS && defined HAVE_MEMORY_H
| #  include <memory.h>
| # endif
| # include <string.h>
| #endif
| #ifdef HAVE_STRINGS_H
| # include <strings.h>
| #endif
| #ifdef HAVE_INTTYPES_H
| # include <inttypes.h>
| #endif
| #ifdef HAVE_STDINT_H
| # include <stdint.h>
| #endif
| #ifdef HAVE_UNISTD_H
| # include <unistd.h>
| #endif
| int
| main ()
| {
| static int test_array [1 - 2 * !((int16_t) ((((int16_t) 1 << (16 - 2)) - 1) * 2 + 1)
| 	         < (int16_t) ((((int16_t) 1 << (16 - 2)) - 1) * 2 + 2))];
| test_array [0] = 0
| 
|   ;
|   return 0;
| }
configure:13605: result: yes
configure:13618: checking for int32_t
configure:13649: gcc -c -g -O2 -DOS_LINUX -DDSO_DLFCN -DCPU=\"amd64\" -mtune=generic -I/usr/lib/jvm/default-java/include -I/usr/lib/jvm/default-java/include/linux -Wall -Wstrict-prototypes  conftest.c >&5
<command-line>:0:6: warning: missing terminating " character
conftest.c:62:1: warning: function declaration isn't a prototype [-Wstrict-prototypes]
 main ()
 ^
conftest.c: In function 'main':
conftest.c:64:12: warning: variable 'test_array' set but not used [-Wunused-but-set-variable]
 static int test_array [1 - 2 * !(0 < (int32_t) ((((int32_t) 1 << (32 - 2)) - 1) * 2 + 1))];
            ^
configure:13655: $? = 0
configure:13684: gcc -c -g -O2 -DOS_LINUX -DDSO_DLFCN -DCPU=\"amd64\" -mtune=generic -I/usr/lib/jvm/default-java/include -I/usr/lib/jvm/default-java/include/linux -Wall -Wstrict-prototypes  conftest.c >&5
<command-line>:0:6: warning: missing terminating " character
conftest.c:62:1: warning: function declaration isn't a prototype [-Wstrict-prototypes]
 main ()
 ^
conftest.c: In function 'main':
conftest.c:65:60: warning: integer overflow in expression [-Woverflow]
           < (int32_t) ((((int32_t) 1 << (32 - 2)) - 1) * 2 + 2))];
                                                            ^
conftest.c:64:12: error: storage size of 'test_array' isn't constant
 static int test_array [1 - 2 * !((int32_t) ((((int32_t) 1 << (32 - 2)) - 1) * 2 + 1)
            ^
conftest.c:64:12: warning: unused variable 'test_array' [-Wunused-variable]
configure:13690: $? = 1
configure: failed program was:
| /* confdefs.h.  */
| #define PACKAGE_NAME "libhdfs"
| #define PACKAGE_TARNAME "libhdfs"
| #define PACKAGE_VERSION "0.1.0"
| #define PACKAGE_STRING "libhdfs 0.1.0"
| #define PACKAGE_BUGREPORT "omalley@apache.org"
| #define PACKAGE "libhdfs"
| #define VERSION "0.1.0"
| #define STDC_HEADERS 1
| #define HAVE_SYS_TYPES_H 1
| #define HAVE_SYS_STAT_H 1
| #define HAVE_STDLIB_H 1
| #define HAVE_STRING_H 1
| #define HAVE_MEMORY_H 1
| #define HAVE_STRINGS_H 1
| #define HAVE_INTTYPES_H 1
| #define HAVE_STDINT_H 1
| #define HAVE_UNISTD_H 1
| #define HAVE_DLFCN_H 1
| #define LT_OBJDIR ".libs/"
| #define HAVE_STRDUP 1
| #define HAVE_STRERROR 1
| #define HAVE_STRTOUL 1
| #define HAVE_FCNTL_H 1
| #define HAVE__BOOL 1
| #define HAVE_STDBOOL_H 1
| /* end confdefs.h.  */
| #include <stdio.h>
| #ifdef HAVE_SYS_TYPES_H
| # include <sys/types.h>
| #endif
| #ifdef HAVE_SYS_STAT_H
| # include <sys/stat.h>
| #endif
| #ifdef STDC_HEADERS
| # include <stdlib.h>
| # include <stddef.h>
| #else
| # ifdef HAVE_STDLIB_H
| #  include <stdlib.h>
| # endif
| #endif
| #ifdef HAVE_STRING_H
| # if !defined STDC_HEADERS && defined HAVE_MEMORY_H
| #  include <memory.h>
| # endif
| # include <string.h>
| #endif
| #ifdef HAVE_STRINGS_H
| # include <strings.h>
| #endif
| #ifdef HAVE_INTTYPES_H
| # include <inttypes.h>
| #endif
| #ifdef HAVE_STDINT_H
| # include <stdint.h>
| #endif
| #ifdef HAVE_UNISTD_H
| # include <unistd.h>
| #endif
| int
| main ()
| {
| static int test_array [1 - 2 * !((int32_t) ((((int32_t) 1 << (32 - 2)) - 1) * 2 + 1)
| 	         < (int32_t) ((((int32_t) 1 << (32 - 2)) - 1) * 2 + 2))];
| test_array [0] = 0
| 
|   ;
|   return 0;
| }
configure:13719: result: yes
configure:13732: checking for int64_t
configure:13763: gcc -c -g -O2 -DOS_LINUX -DDSO_DLFCN -DCPU=\"amd64\" -mtune=generic -I/usr/lib/jvm/default-java/include -I/usr/lib/jvm/default-java/include/linux -Wall -Wstrict-prototypes  conftest.c >&5
<command-line>:0:6: warning: missing terminating " character
conftest.c:62:1: warning: function declaration isn't a prototype [-Wstrict-prototypes]
 main ()
 ^
conftest.c: In function 'main':
conftest.c:64:12: warning: variable 'test_array' set but not used [-Wunused-but-set-variable]
 static int test_array [1 - 2 * !(0 < (int64_t) ((((int64_t) 1 << (64 - 2)) - 1) * 2 + 1))];
            ^
configure:13769: $? = 0
configure:13798: gcc -c -g -O2 -DOS_LINUX -DDSO_DLFCN -DCPU=\"amd64\" -mtune=generic -I/usr/lib/jvm/default-java/include -I/usr/lib/jvm/default-java/include/linux -Wall -Wstrict-prototypes  conftest.c >&5
<command-line>:0:6: warning: missing terminating " character
conftest.c:62:1: warning: function declaration isn't a prototype [-Wstrict-prototypes]
 main ()
 ^
conftest.c: In function 'main':
conftest.c:65:60: warning: integer overflow in expression [-Woverflow]
           < (int64_t) ((((int64_t) 1 << (64 - 2)) - 1) * 2 + 2))];
                                                            ^
conftest.c:64:12: error: storage size of 'test_array' isn't constant
 static int test_array [1 - 2 * !((int64_t) ((((int64_t) 1 << (64 - 2)) - 1) * 2 + 1)
            ^
conftest.c:64:12: warning: unused variable 'test_array' [-Wunused-variable]
configure:13804: $? = 1
configure: failed program was:
| /* confdefs.h.  */
| #define PACKAGE_NAME "libhdfs"
| #define PACKAGE_TARNAME "libhdfs"
| #define PACKAGE_VERSION "0.1.0"
| #define PACKAGE_STRING "libhdfs 0.1.0"
| #define PACKAGE_BUGREPORT "omalley@apache.org"
| #define PACKAGE "libhdfs"
| #define VERSION "0.1.0"
| #define STDC_HEADERS 1
| #define HAVE_SYS_TYPES_H 1
| #define HAVE_SYS_STAT_H 1
| #define HAVE_STDLIB_H 1
| #define HAVE_STRING_H 1
| #define HAVE_MEMORY_H 1
| #define HAVE_STRINGS_H 1
| #define HAVE_INTTYPES_H 1
| #define HAVE_STDINT_H 1
| #define HAVE_UNISTD_H 1
| #define HAVE_DLFCN_H 1
| #define LT_OBJDIR ".libs/"
| #define HAVE_STRDUP 1
| #define HAVE_STRERROR 1
| #define HAVE_STRTOUL 1
| #define HAVE_FCNTL_H 1
| #define HAVE__BOOL 1
| #define HAVE_STDBOOL_H 1
| /* end confdefs.h.  */
| #include <stdio.h>
| #ifdef HAVE_SYS_TYPES_H
| # include <sys/types.h>
| #endif
| #ifdef HAVE_SYS_STAT_H
| # include <sys/stat.h>
| #endif
| #ifdef STDC_HEADERS
| # include <stdlib.h>
| # include <stddef.h>
| #else
| # ifdef HAVE_STDLIB_H
| #  include <stdlib.h>
| # endif
| #endif
| #ifdef HAVE_STRING_H
| # if !defined STDC_HEADERS && defined HAVE_MEMORY_H
| #  include <memory.h>
| # endif
| # include <string.h>
| #endif
| #ifdef HAVE_STRINGS_H
| # include <strings.h>
| #endif
| #ifdef HAVE_INTTYPES_H
| # include <inttypes.h>
| #endif
| #ifdef HAVE_STDINT_H
| # include <stdint.h>
| #endif
| #ifdef HAVE_UNISTD_H
| # include <unistd.h>
| #endif
| int
| main ()
| {
| static int test_array [1 - 2 * !((int64_t) ((((int64_t) 1 << (64 - 2)) - 1) * 2 + 1)
| 	         < (int64_t) ((((int64_t) 1 << (64 - 2)) - 1) * 2 + 2))];
| test_array [0] = 0
| 
|   ;
|   return 0;
| }
configure:13833: result: yes
configure:13846: checking for uint16_t
configure:13877: gcc -c -g -O2 -DOS_LINUX -DDSO_DLFCN -DCPU=\"amd64\" -mtune=generic -I/usr/lib/jvm/default-java/include -I/usr/lib/jvm/default-java/include/linux -Wall -Wstrict-prototypes  conftest.c >&5
<command-line>:0:6: warning: missing terminating " character
conftest.c:62:1: warning: function declaration isn't a prototype [-Wstrict-prototypes]
 main ()
 ^
conftest.c: In function 'main':
conftest.c:64:12: warning: variable 'test_array' set but not used [-Wunused-but-set-variable]
 static int test_array [1 - 2 * !((uint16_t) -1 >> (16 - 1) == 1)];
            ^
configure:13883: $? = 0
configure:13904: result: yes
configure:14076: creating ./config.status

## ---------------- ##
## Cache variables. ##
## ---------------- ##

ac_cv_build=x86_64-unknown-linux-gnu
ac_cv_c_compiler_gnu=yes
ac_cv_c_const=yes
ac_cv_c_int16_t=yes
ac_cv_c_int32_t=yes
ac_cv_c_int64_t=yes
ac_cv_c_uint16_t=yes
ac_cv_c_volatile=yes
ac_cv_env_CC_set=
ac_cv_env_CC_value=
ac_cv_env_CFLAGS_set=
ac_cv_env_CFLAGS_value=
ac_cv_env_CPPFLAGS_set=
ac_cv_env_CPPFLAGS_value=
ac_cv_env_CPP_set=
ac_cv_env_CPP_value=
ac_cv_env_LDFLAGS_set=
ac_cv_env_LDFLAGS_value=
ac_cv_env_LIBS_set=
ac_cv_env_LIBS_value=
ac_cv_env_build_alias_set=
ac_cv_env_build_alias_value=
ac_cv_env_host_alias_set=
ac_cv_env_host_alias_value=
ac_cv_env_target_alias_set=
ac_cv_env_target_alias_value=
ac_cv_func_strdup=yes
ac_cv_func_strerror=yes
ac_cv_func_strtoul=yes
ac_cv_header_dlfcn_h=yes
ac_cv_header_fcntl_h=yes
ac_cv_header_inttypes_h=yes
ac_cv_header_memory_h=yes
ac_cv_header_stdbool_h=yes
ac_cv_header_stdc=yes
ac_cv_header_stdint_h=yes
ac_cv_header_stdlib_h=yes
ac_cv_header_string_h=yes
ac_cv_header_strings_h=yes
ac_cv_header_sys_stat_h=yes
ac_cv_header_sys_types_h=yes
ac_cv_header_unistd_h=yes
ac_cv_host=x86_64-unknown-linux-gnu
ac_cv_host_system_type=x86_64-unknown-linux-gnu
ac_cv_objext=o
ac_cv_path_EGREP='/bin/grep -E'
ac_cv_path_FGREP='/bin/grep -F'
ac_cv_path_GREP=/bin/grep
ac_cv_path_JAR=/usr/lib/jvm/default-java/bin/jar
ac_cv_path_JAVAC=/usr/lib/jvm/default-java/bin/javac
ac_cv_path_KAFFEVM=NONE
ac_cv_path_SABLEVM=NONE
ac_cv_path_SED=/bin/sed
ac_cv_path_install='/usr/bin/install -c'
ac_cv_prog_AWK=mawk
ac_cv_prog_CPP='gcc -E'
ac_cv_prog_ac_ct_AR=ar
ac_cv_prog_ac_ct_CC=gcc
ac_cv_prog_ac_ct_RANLIB=ranlib
ac_cv_prog_ac_ct_STRIP=strip
ac_cv_prog_cc_c89=
ac_cv_prog_cc_g=yes
ac_cv_prog_make_make_set=yes
ac_cv_type__Bool=yes
ac_cv_type_size_t=yes
am_cv_CC_dependencies_compiler_type=gcc3
ap_cv_prog_javac_works=yes
lt_cv_deplibs_check_method=pass_all
lt_cv_file_magic_cmd='$MAGIC_CMD'
lt_cv_file_magic_test_file=
lt_cv_ld_reload_flag=-r
lt_cv_nm_interface='BSD nm'
lt_cv_objdir=.libs
lt_cv_path_LD=/usr/bin/ld
lt_cv_path_NM='/usr/bin/nm -B'
lt_cv_prog_compiler_c_o=yes
lt_cv_prog_compiler_pic_works=yes
lt_cv_prog_compiler_rtti_exceptions=no
lt_cv_prog_compiler_static_works=yes
lt_cv_prog_gnu_ld=yes
lt_cv_sys_global_symbol_pipe='sed -n -e '\''s/^.*[	 ]\([ABCDGIRSTW][ABCDGIRSTW]*\)[	 ][	 ]*\([_A-Za-z][_A-Za-z0-9]*\)$/\1 \2 \2/p'\'''
lt_cv_sys_global_symbol_to_c_name_address='sed -n -e '\''s/^: \([^ ]*\) $/  {\"\1\", (void *) 0},/p'\'' -e '\''s/^[ABCDGIRSTW]* \([^ ]*\) \([^ ]*\)$/  {"\2", (void *) \&\2},/p'\'''
lt_cv_sys_global_symbol_to_c_name_address_lib_prefix='sed -n -e '\''s/^: \([^ ]*\) $/  {\"\1\", (void *) 0},/p'\'' -e '\''s/^[ABCDGIRSTW]* \([^ ]*\) \(lib[^ ]*\)$/  {"\2", (void *) \&\2},/p'\'' -e '\''s/^[ABCDGIRSTW]* \([^ ]*\) \([^ ]*\)$/  {"lib\2", (void *) \&\2},/p'\'''
lt_cv_sys_global_symbol_to_cdecl='sed -n -e '\''s/^T .* \(.*\)$/extern int \1();/p'\'' -e '\''s/^[ABCDGIRSTW]* .* \(.*\)$/extern char \1;/p'\'''
lt_cv_sys_max_cmd_len=1572864

## ----------------- ##
## Output variables. ##
## ----------------- ##

ACLOCAL='${SHELL} /home/hou/Documents/graphlab/deps/hadoop/src/hadoop/src/c++/libhdfs/missing --run aclocal-1.9'
AMDEPBACKSLASH='\'
AMDEP_FALSE='#'
AMDEP_TRUE=''
AMTAR='${SHELL} /home/hou/Documents/graphlab/deps/hadoop/src/hadoop/src/c++/libhdfs/missing --run tar'
AR='ar'
AUTOCONF='${SHELL} /home/hou/Documents/graphlab/deps/hadoop/src/hadoop/src/c++/libhdfs/missing --run autoconf'
AUTOHEADER='${SHELL} /home/hou/Documents/graphlab/deps/hadoop/src/hadoop/src/c++/libhdfs/missing --run autoheader'
AUTOMAKE='${SHELL} /home/hou/Documents/graphlab/deps/hadoop/src/hadoop/src/c++/libhdfs/missing --run automake-1.9'
AWK='mawk'
CC='gcc'
CCDEPMODE='depmode=gcc3'
CFLAGS='-g -O2 -DOS_LINUX -DDSO_DLFCN -DCPU=\"amd64\" -mtune=generic -I/usr/lib/jvm/default-java/include -I/usr/lib/jvm/default-java/include/linux -Wall -Wstrict-prototypes'
CPP='gcc -E'
CPPFLAGS=''
CYGPATH_W='echo'
DEFS='-DPACKAGE_NAME=\"libhdfs\" -DPACKAGE_TARNAME=\"libhdfs\" -DPACKAGE_VERSION=\"0.1.0\" -DPACKAGE_STRING=\"libhdfs\ 0.1.0\" -DPACKAGE_BUGREPORT=\"omalley@apache.org\" -DPACKAGE=\"libhdfs\" -DVERSION=\"0.1.0\" -DSTDC_HEADERS=1 -DHAVE_SYS_TYPES_H=1 -DHAVE_SYS_STAT_H=1 -DHAVE_STDLIB_H=1 -DHAVE_STRING_H=1 -DHAVE_MEMORY_H=1 -DHAVE_STRINGS_H=1 -DHAVE_INTTYPES_H=1 -DHAVE_STDINT_H=1 -DHAVE_UNISTD_H=1 -DHAVE_DLFCN_H=1 -DLT_OBJDIR=\".libs/\" -DHAVE_STRDUP=1 -DHAVE_STRERROR=1 -DHAVE_STRTOUL=1 -DHAVE_FCNTL_H=1 -DHAVE__BOOL=1 -DHAVE_STDBOOL_H=1'
DEPDIR='.deps'
DSYMUTIL=''
DUMPBIN=''
ECHO_C=''
ECHO_N='-n'
ECHO_T=''
EGREP='/bin/grep -E'
EXEEXT=''
FGREP='/bin/grep -F'
GREP='/bin/grep'
INSTALL_DATA='${INSTALL} -m 644'
INSTALL_PROGRAM='${INSTALL}'
INSTALL_SCRIPT='${INSTALL}'
INSTALL_STRIP_PROGRAM='${SHELL} $(install_sh) -c -s'
JAR='/usr/lib/jvm/default-java/bin/jar'
JARSABLE='NONE'
JAVAC='/usr/lib/jvm/default-java/bin/javac'
JAVACFLAGS=''
JAVACSABLE='NONE'
JAVA_HOME='/usr/lib/jvm/default-java'
KAFFEVM='NONE'
LD='/usr/bin/ld -m elf_x86_64'
LDCMD='gcc'
LDFLAGS=' -mtune=generic -L/usr/lib/jvm/default-java/jre/lib/amd64/server  -ljvm -Wl,-x'
LIBOBJS=''
LIBS=' -ldl -lpthread'
LIBTOOL='$(SHELL) $(top_builddir)/libtool'
LIB_JVM_DIR='/usr/lib/jvm/default-java/jre/lib/amd64/server '
LN_S='ln -s'
LTLIBOBJS=''
MAKEINFO='${SHELL} /home/hou/Documents/graphlab/deps/hadoop/src/hadoop/src/c++/libhdfs/missing --run makeinfo'
NM='/usr/bin/nm -B'
NMEDIT=''
OBJEXT='o'
PACKAGE='libhdfs'
PACKAGE_BUGREPORT='omalley@apache.org'
PACKAGE_NAME='libhdfs'
PACKAGE_STRING='libhdfs 0.1.0'
PACKAGE_TARNAME='libhdfs'
PACKAGE_VERSION='0.1.0'
PATH_SEPARATOR=':'
PRODUCT_MK=''
RANLIB='ranlib'
SABLEVM='NONE'
SED='/bin/sed'
SET_MAKE=''
SHELL='/bin/bash'
STRIP='strip'
VERSION='0.1.0'
ac_ct_CC='gcc'
ac_ct_DUMPBIN=''
am__fastdepCC_FALSE='#'
am__fastdepCC_TRUE=''
am__include='include'
am__leading_dot='.'
am__quote=''
am__tar='${AMTAR} chof - "$$tardir"'
am__untar='${AMTAR} xf -'
bindir='${exec_prefix}/bin'
build='x86_64-unknown-linux-gnu'
build_alias=''
build_cpu='x86_64'
build_os='linux-gnu'
build_vendor='unknown'
datadir='${datarootdir}'
datarootdir='${prefix}/share'
docdir='${datarootdir}/doc/${PACKAGE_TARNAME}'
dvidir='${docdir}'
exec_prefix='${prefix}'
host='x86_64-unknown-linux-gnu'
host_alias=''
host_cpu='x86_64'
host_os='linux-gnu'
host_vendor='unknown'
htmldir='${docdir}'
includedir='${prefix}/include'
infodir='${datarootdir}/info'
install_sh='/home/hou/Documents/graphlab/deps/hadoop/src/hadoop/src/c++/libhdfs/install-sh'
libdir='${exec_prefix}/lib'
libexecdir='${exec_prefix}/libexec'
localedir='${datarootdir}/locale'
localstatedir='${prefix}/var'
lt_ECHO='echo'
mandir='${datarootdir}/man'
mkdir_p='mkdir -p --'
oldincludedir='/usr/include'
pdfdir='${docdir}'
prefix='/home/hou/Documents/graphlab/deps/local'
program_transform_name='s,x,x,'
psdir='${docdir}'
sbindir='${exec_prefix}/sbin'
sharedstatedir='${prefix}/com'
sysconfdir='${prefix}/etc'
target_alias=''

## ----------- ##
## confdefs.h. ##
## ----------- ##

#define PACKAGE_NAME "libhdfs"
#define PACKAGE_TARNAME "libhdfs"
#define PACKAGE_VERSION "0.1.0"
#define PACKAGE_STRING "libhdfs 0.1.0"
#define PACKAGE_BUGREPORT "omalley@apache.org"
#define PACKAGE "libhdfs"
#define VERSION "0.1.0"
#define STDC_HEADERS 1
#define HAVE_SYS_TYPES_H 1
#define HAVE_SYS_STAT_H 1
#define HAVE_STDLIB_H 1
#define HAVE_STRING_H 1
#define HAVE_MEMORY_H 1
#define HAVE_STRINGS_H 1
#define HAVE_INTTYPES_H 1
#define HAVE_STDINT_H 1
#define HAVE_UNISTD_H 1
#define HAVE_DLFCN_H 1
#define LT_OBJDIR ".libs/"
#define HAVE_STRDUP 1
#define HAVE_STRERROR 1
#define HAVE_STRTOUL 1
#define HAVE_FCNTL_H 1
#define HAVE__BOOL 1
#define HAVE_STDBOOL_H 1

configure: exit 0

## ---------------------- ##
## Running config.status. ##
## ---------------------- ##

This file was extended by libhdfs config.status 0.1.0, which was
generated by GNU Autoconf 2.61.  Invocation command line was

  CONFIG_FILES    = 
  CONFIG_HEADERS  = 
  CONFIG_LINKS    = 
  CONFIG_COMMANDS = 
  $ ./config.status 

on hou-VirtualBox

config.status:832: creating Makefile
config.status:1010: executing depfiles commands
config.status:1010: executing libtool commands
